*** Using Compiler 'V5.06 update 7 (build 960)', folder: 'C:\Keil\ARM\ARMCC\Bin'
Build target 'STM32F429IGT6'
assembling startup_stm32f429xx.s...
compiling bsp_f429_io.c...
"no source": Error:  #5: cannot open source input file "..\Bsp\bsp_f429_io.c": No such file or directory
..\Bsp\bsp_f429_io.c: 0 warnings, 1 error
compiling bsp_usart.c...
compiling gpio.c...
compiling freertos.c...
compiling bsp_at24cxx.c...
compiling main.c...
compiling i2c.c...
compiling bsp_f429_led.c...
compiling stm32f4xx_hal_rcc_ex.c...
compiling stm32f4xx_hal_rcc.c...
compiling usart.c...
compiling stm32f4xx_hal_timebase_tim.c...
compiling stm32f4xx_it.c...
compiling stm32f4xx_hal_msp.c...
compiling stm32f4xx_hal_flash.c...
compiling stm32f4xx_hal_flash_ex.c...
compiling stm32f4xx_hal_flash_ramfunc.c...
compiling stm32f4xx_hal_gpio.c...
compiling stm32f4xx_hal_pwr_ex.c...
compiling stm32f4xx_hal_dma.c...
compiling stm32f4xx_hal_pwr.c...
compiling stm32f4xx_hal_cortex.c...
compiling stm32f4xx_hal_dma_ex.c...
compiling stm32f4xx_hal.c...
compiling stm32f4xx_hal_exti.c...
compiling croutine.c...
compiling stm32f4xx_hal_tim_ex.c...
compiling event_groups.c...
compiling list.c...
compiling stm32f4xx_hal_tim.c...
compiling queue.c...
compiling stream_buffer.c...
compiling stm32f4xx_hal_uart.c...
compiling stm32f4xx_hal_i2c_ex.c...
compiling timers.c...
compiling tasks.c...
compiling stm32f4xx_hal_i2c.c...
compiling heap_4.c...
compiling port.c...
compiling cmsis_os.c...
compiling system_stm32f4xx.c...
"STM32F429IGT6\STM32F429IGT6.axf" - 1 Error(s), 0 Warning(s).
Target not created.
Build Time Elapsed:  00:01:22
